#
# A fatal error has been detected by the Java Runtime Environment:
#
#  EXCEPTION_ILLEGAL_INSTRUCTION (0xc000001d) at pc=0x0000020dbdffe67c, pid=19408, tid=24636
#
# JRE version: OpenJDK Runtime Environment (11.0.10) (build 11.0.10+0-b96-7249189)
# Java VM: OpenJDK 64-Bit Server VM (11.0.10+0-b96-7249189, mixed mode, tiered, compressed oops, g1 gc, windows-amd64)
# Problematic frame:
# J 9600 c1 sun.security.util.AbstractAlgorithmConstraints.checkAlgorithm(Ljava/util/List;Ljava/lang/String;Lsun/security/util/AlgorithmDecomposer;)Z java.base@11.0.10 (140 bytes) @ 0x0000020dbdffe67c [0x0000020dbdffdce0+0x000000000000099c]
#
# No core dump will be written. Minidumps are not enabled by default on client versions of Windows
#
# If you would like to submit a bug report, please visit:
#   https://bugreport.java.com/bugreport/crash.jsp
#

---------------  S U M M A R Y ------------

Command Line: --add-opens=java.base/java.util=ALL-UNNAMED --add-opens=java.base/java.lang=ALL-UNNAMED --add-opens=java.base/java.lang.invoke=ALL-UNNAMED --add-opens=java.base/java.util=ALL-UNNAMED --add-opens=java.prefs/java.util.prefs=ALL-UNNAMED --add-opens=java.prefs/java.util.prefs=ALL-UNNAMED --add-opens=java.base/java.nio.charset=ALL-UNNAMED --add-opens=java.base/java.net=ALL-UNNAMED --add-opens=java.base/java.util.concurrent.atomic=ALL-UNNAMED -Xmx2048m -Dfile.encoding=UTF-8 -Duser.country=DE -Duser.language=de -Duser.variant org.gradle.launcher.daemon.bootstrap.GradleDaemon 7.0.2

Host: AMD Ryzen 5 1600 Six-Core Processor            , 12 cores, 7G,  Windows 10 , 64 bit Build 19041 (10.0.19041.1706)
Time: Sat Jun 11 14:44:40 2022 Mitteleuropäische Sommerzeit elapsed time: 40.411592 seconds (0d 0h 0m 40s)

---------------  T H R E A D  ---------------

Current thread (0x0000020dd5ccd800):  JavaThread "Daemon worker" [_thread_in_Java, id=24636, stack(0x0000007b53f00000,0x0000007b54000000)]

Stack: [0x0000007b53f00000,0x0000007b54000000],  sp=0x0000007b53ff38d0,  free space=974k
Native frames: (J=compiled Java code, j=interpreted, Vv=VM code, C=native code)
C  0x0000020dbdffe67c


siginfo: EXCEPTION_ILLEGAL_INSTRUCTION (0xc000001d)


Register to memory mapping:

RIP=0x0000020dbdffe67c is at entry_point+2460 in (nmethod*)0x0000020dbdffda10
RAX=0x0000000089045e78 is an oop: java.lang.String 
{0x0000000089045e78} - klass: 'java/lang/String'
RBX=0x000000008a69a9b8 is an oop: java.util.HashMap$Node 
{0x000000008a69a9b8} - klass: 'java/util/HashMap$Node'
RCX=0x0 is NULL
RDX=0x0000000100001808 is a pointer to class: 
java.lang.String {0x0000000100001810}
RSP=0x0000007b53ff38d0 is pointing into the stack for thread: 0x0000020dd5ccd800
RBP=0x0000007b53ff3ad0 is pointing into the stack for thread: 0x0000020dd5ccd800
RSI=0x0000020de29b63e8 is pointing into metadata
RDI=0x0000000100001808 is a pointer to class: 
java.lang.String {0x0000000100001810}
R8 =0x000000008a69a068 is an oop: [Ljava.util.HashMap$Node; 
{0x000000008a69a068} - klass: 'java/util/HashMap$Node'[]
 - length: 16
R9 =0x0 is NULL
R10=0x0000020db7441000 points into unknown readable memory: 0x0000000000000000 | 00 00 00 00 00 00 00 00
R11=0x0000000089045e78 is an oop: java.lang.String 
{0x0000000089045e78} - klass: 'java/lang/String'
R12=0x0 is NULL
R13=0x000000008a69b008 is an oop: java.util.HashMap$KeyIterator 
{0x000000008a69b008} - klass: 'java/util/HashMap$KeyIterator'
R14=0x000000008a69a9b8 is an oop: java.util.HashMap$Node 
{0x000000008a69a9b8} - klass: 'java/util/HashMap$Node'
R15=0x0000020dd5ccd800 is a thread


Registers:
RAX=0x0000000089045e78, RBX=0x000000008a69a9b8, RCX=0x0000000000000000, RDX=0x0000000100001808
RSP=0x0000007b53ff38d0, RBP=0x0000007b53ff3ad0, RSI=0x0000020de29b63e8, RDI=0x0000000100001808
R8 =0x000000008a69a068, R9 =0x0000000000000000, R10=0x0000020db7441000, R11=0x0000000089045e78
R12=0x0000000000000000, R13=0x000000008a69b008, R14=0x000000008a69a9b8, R15=0x0000020dd5ccd800
RIP=0x0000020dbdffe67c, EFLAGS=0x0000000000010246

Top of Stack: (sp=0x0000007b53ff38d0)
0x0000007b53ff38d0:   000000008554b7c8 0000007b53ff38d8
0x0000007b53ff38e0:   0000020dd740fa51 0000007b53ff3940
0x0000007b53ff38f0:   0000020dd7410040 0000020de29bce08
0x0000007b53ff3900:   00000000890225f8 0000000088fd99e8
0x0000007b53ff3910:   000000008a699950 000000008a699ec0
0x0000007b53ff3920:   0000000088fda040 000000008a699ec0
0x0000007b53ff3930:   000000008a69b008 000000008554b8a0
0x0000007b53ff3940:   000000008a699930 0000020dbe00b9e4
0x0000007b53ff3950:   0000007b53ff3ad0 0000020dbe0650c4
0x0000007b53ff3960:   0000007b53ff39f0 0000020dbc651279
0x0000007b53ff3970:   0000020dd5ccd800 0000007b53ff3907
0x0000007b53ff3980:   000000000000000c 0000020dbc649e40
0x0000007b53ff3990:   0000007b53ff39f8 000000008a699930
0x0000007b53ff39a0:   000000008554b8a0 0000000088fd6e80
0x0000007b53ff39b0:   000000008a699930 00000000890225f8
0x0000007b53ff39c0:   0000000000000000 0000020dd8911f78 

Instructions: (pc=0x0000020dbdffe67c)
0x0000020dbdffe57c:   00 48 b8 e0 0f 04 00 01 00 00 00 e8 14 6e 4e 06
0x0000020dbdffe58c:   48 83 f8 00 75 16 48 be e8 63 9b e2 0d 02 00 00
0x0000020dbdffe59c:   80 8e c9 04 00 00 01 e9 c0 00 00 00 48 bf 08 18
0x0000020dbdffe5ac:   00 00 01 00 00 00 8b 50 08 48 c1 e2 03 48 3b fa
0x0000020dbdffe5bc:   0f 85 8a 00 00 00 48 be e8 63 9b e2 0d 02 00 00
0x0000020dbdffe5cc:   8b 78 08 48 c1 e7 03 48 3b be e0 04 00 00 75 0d
0x0000020dbdffe5dc:   48 83 86 e8 04 00 00 01 e9 7f 00 00 00 48 3b be
0x0000020dbdffe5ec:   f0 04 00 00 75 0d 48 83 86 f8 04 00 00 01 e9 69
0x0000020dbdffe5fc:   00 00 00 48 81 be e0 04 00 00 00 00 00 00 75 17
0x0000020dbdffe60c:   48 89 be e0 04 00 00 48 c7 86 e8 04 00 00 01 00
0x0000020dbdffe61c:   00 00 e9 45 00 00 00 48 81 be f0 04 00 00 00 00
0x0000020dbdffe62c:   00 00 75 17 48 89 be f0 04 00 00 48 c7 86 f8 04
0x0000020dbdffe63c:   00 00 01 00 00 00 e9 21 00 00 00 e9 1c 00 00 00
0x0000020dbdffe64c:   48 be e8 63 9b e2 0d 02 00 00 48 83 ae d0 04 00
0x0000020dbdffe65c:   00 01 e9 d0 03 00 00 e9 00 00 00 00 4c 8b c0 48
0x0000020dbdffe66c:   8b 74 24 50 48 ba e8 63 9b e2 0d 02 00 00 48 83
0x0000020dbdffe67c:   82 08 05 00 00 01 48 8b 54 24 50 e8 54 19 6a 06
0x0000020dbdffe68c:   83 f8 00 48 b8 e8 63 9b e2 0d 02 00 00 48 ba 50
0x0000020dbdffe69c:   05 00 00 00 00 00 00 0f 85 0a 00 00 00 48 ba 40
0x0000020dbdffe6ac:   05 00 00 00 00 00 00 48 8b 34 10 48 8d 76 01 48
0x0000020dbdffe6bc:   89 34 10 0f 85 e3 01 00 00 48 b8 e8 63 9b e2 0d
0x0000020dbdffe6cc:   02 00 00 8b 90 08 01 00 00 83 c2 08 89 90 08 01
0x0000020dbdffe6dc:   00 00 81 e2 f8 ff 00 00 83 fa 00 0f 84 4f 03 00
0x0000020dbdffe6ec:   00 4d 8b 97 08 01 00 00 41 85 02 48 b8 e8 63 9b
0x0000020dbdffe6fc:   e2 0d 02 00 00 ff 80 60 05 00 00 48 8b 44 24 60
0x0000020dbdffe70c:   48 3b 00 48 8b d0 48 bf e8 63 9b e2 0d 02 00 00
0x0000020dbdffe71c:   8b 52 08 48 c1 e2 03 48 3b 97 50 04 00 00 75 0d
0x0000020dbdffe72c:   48 83 87 58 04 00 00 01 e9 66 00 00 00 48 3b 97
0x0000020dbdffe73c:   60 04 00 00 75 0d 48 83 87 68 04 00 00 01 e9 50
0x0000020dbdffe74c:   00 00 00 48 81 bf 50 04 00 00 00 00 00 00 75 17
0x0000020dbdffe75c:   48 89 97 50 04 00 00 48 c7 87 58 04 00 00 01 00
0x0000020dbdffe76c:   00 00 e9 2c 00 00 00 48 81 bf 60 04 00 00 00 00 


Stack slot to memory mapping:
stack at sp + 0 slots: 0x000000008554b7c8 is an oop: java.lang.Class 
{0x000000008554b7c8} - klass: 'java/lang/Class'
stack at sp + 1 slots: 0x0000007b53ff38d8 is pointing into the stack for thread: 0x0000020dd5ccd800
stack at sp + 2 slots: 0x0000020dd740fa51 is pointing into metadata
stack at sp + 3 slots: 0x0000007b53ff3940 is pointing into the stack for thread: 0x0000020dd5ccd800
stack at sp + 4 slots: 0x0000020dd7410040 is pointing into metadata
stack at sp + 5 slots: 0x0000020de29bce08 is pointing into metadata
stack at sp + 6 slots: 0x00000000890225f8 is an oop: java.lang.String 
{0x00000000890225f8} - klass: 'java/lang/String'
stack at sp + 7 slots: 0x0000000088fd99e8 is an oop: sun.security.ssl.SSLAlgorithmDecomposer 
{0x0000000088fd99e8} - klass: 'sun/security/ssl/SSLAlgorithmDecomposer'



---------------  P R O C E S S  ---------------

Threads class SMR info:
_java_thread_list=0x0000020ddd2aeaa0, length=60, elements={
0x0000020db7364800, 0x0000020dd4401800, 0x0000020dd4404800, 0x0000020dd3bee800,
0x0000020dd3bef800, 0x0000020dd3bf1800, 0x0000020dd3bf5000, 0x0000020dd4460000,
0x0000020dd4463000, 0x0000020dd45b9000, 0x0000020dd558f000, 0x0000020dd65f8000,
0x0000020dd7c21800, 0x0000020dd5d5a800, 0x0000020dd5e19800, 0x0000020dd5f06800,
0x0000020dd5ccd800, 0x0000020dd6c8a800, 0x0000020dd6c8b800, 0x0000020dd466f000,
0x0000020dd466b800, 0x0000020dd466d800, 0x0000020dd466f800, 0x0000020dd466c800,
0x0000020dd466e000, 0x0000020dd4670800, 0x0000020dd4671800, 0x0000020dd4672000,
0x0000020dd701b000, 0x0000020dd701c800, 0x0000020dd7020000, 0x0000020dd701a000,
0x0000020dd701d800, 0x0000020dd701e800, 0x0000020dd701f000, 0x0000020dd7021000,
0x0000020dd701c000, 0x0000020dd7025800, 0x0000020dd7025000, 0x0000020dd7022800,
0x0000020dd7021800, 0x0000020dd7028000, 0x0000020dd7029000, 0x0000020dd7024000,
0x0000020dd7027800, 0x0000020dd9e53000, 0x0000020dd9e4e000, 0x0000020dd9e4f000,
0x0000020dd9e50000, 0x0000020dd9e56800, 0x0000020dd9e50800, 0x0000020dd9e54000,
0x0000020dd9e55000, 0x0000020dd9e55800, 0x0000020dd9e51800, 0x0000020dd9e57000,
0x0000020dd9e58000, 0x0000020dde622800, 0x0000020dd9e52800, 0x0000020dd6ea3800
}

Java Threads: ( => current thread )
  0x0000020db7364800 JavaThread "main" [_thread_blocked, id=22860, stack(0x0000007b52600000,0x0000007b52700000)]
  0x0000020dd4401800 JavaThread "Reference Handler" daemon [_thread_blocked, id=8300, stack(0x0000007b52d00000,0x0000007b52e00000)]
  0x0000020dd4404800 JavaThread "Finalizer" daemon [_thread_blocked, id=2196, stack(0x0000007b52e00000,0x0000007b52f00000)]
  0x0000020dd3bee800 JavaThread "Signal Dispatcher" daemon [_thread_blocked, id=8488, stack(0x0000007b52f00000,0x0000007b53000000)]
  0x0000020dd3bef800 JavaThread "Attach Listener" daemon [_thread_blocked, id=2212, stack(0x0000007b53000000,0x0000007b53100000)]
  0x0000020dd3bf1800 JavaThread "Service Thread" daemon [_thread_blocked, id=21836, stack(0x0000007b53100000,0x0000007b53200000)]
  0x0000020dd3bf5000 JavaThread "C2 CompilerThread0" daemon [_thread_blocked, id=24668, stack(0x0000007b53200000,0x0000007b53300000)]
  0x0000020dd4460000 JavaThread "C1 CompilerThread0" daemon [_thread_blocked, id=19784, stack(0x0000007b53300000,0x0000007b53400000)]
  0x0000020dd4463000 JavaThread "Sweeper thread" daemon [_thread_blocked, id=18444, stack(0x0000007b53400000,0x0000007b53500000)]
  0x0000020dd45b9000 JavaThread "Common-Cleaner" daemon [_thread_blocked, id=1692, stack(0x0000007b53500000,0x0000007b53600000)]
  0x0000020dd558f000 JavaThread "Daemon health stats" [_thread_blocked, id=17272, stack(0x0000007b53a00000,0x0000007b53b00000)]
  0x0000020dd65f8000 JavaThread "Incoming local TCP Connector on port 60221" [_thread_in_native, id=2716, stack(0x0000007b53700000,0x0000007b53800000)]
  0x0000020dd7c21800 JavaThread "Daemon periodic checks" [_thread_blocked, id=16456, stack(0x0000007b53b00000,0x0000007b53c00000)]
  0x0000020dd5d5a800 JavaThread "Daemon" [_thread_blocked, id=32, stack(0x0000007b53c00000,0x0000007b53d00000)]
  0x0000020dd5e19800 JavaThread "Handler for socket connection from /127.0.0.1:60221 to /127.0.0.1:60222" [_thread_in_native, id=3504, stack(0x0000007b53d00000,0x0000007b53e00000)]
  0x0000020dd5f06800 JavaThread "Cancel handler" [_thread_blocked, id=11112, stack(0x0000007b53e00000,0x0000007b53f00000)]
=>0x0000020dd5ccd800 JavaThread "Daemon worker" [_thread_in_Java, id=24636, stack(0x0000007b53f00000,0x0000007b54000000)]
  0x0000020dd6c8a800 JavaThread "Asynchronous log dispatcher for DefaultDaemonConnection: socket connection from /127.0.0.1:60221 to /127.0.0.1:60222" [_thread_blocked, id=7964, stack(0x0000007b54000000,0x0000007b54100000)]
  0x0000020dd6c8b800 JavaThread "Stdin handler" [_thread_blocked, id=17604, stack(0x0000007b54100000,0x0000007b54200000)]
  0x0000020dd466f000 JavaThread "Daemon client event forwarder" [_thread_blocked, id=19236, stack(0x0000007b54200000,0x0000007b54300000)]
  0x0000020dd466b800 JavaThread "Cache worker for file hash cache (C:\Users\Matze\.gradle\caches\7.0.2\fileHashes)" [_thread_blocked, id=16692, stack(0x0000007b54b00000,0x0000007b54c00000)]
  0x0000020dd466d800 JavaThread "File lock request listener" [_thread_in_native, id=9672, stack(0x0000007b54c00000,0x0000007b54d00000)]
  0x0000020dd466f800 JavaThread "Cache worker for journal cache (C:\Users\Matze\.gradle\caches\journal-1)" [_thread_blocked, id=15348, stack(0x0000007b54f00000,0x0000007b55000000)]
  0x0000020dd466c800 JavaThread "Cache worker for file hash cache (C:\Users\Matze\Desktop\Studium\Aalen\7.Semester\SoftwareArchitecture\Lab4\.gradle\7.0.2\fileHashes)" [_thread_blocked, id=23488, stack(0x0000007b55100000,0x0000007b55200000)]
  0x0000020dd466e000 JavaThread "File watcher server" daemon [_thread_in_native, id=20544, stack(0x0000007b55200000,0x0000007b55300000)]
  0x0000020dd4670800 JavaThread "File watcher consumer" daemon [_thread_blocked, id=10688, stack(0x0000007b55300000,0x0000007b55400000)]
  0x0000020dd4671800 JavaThread "jar transforms" [_thread_blocked, id=17972, stack(0x0000007b55400000,0x0000007b55500000)]
  0x0000020dd4672000 JavaThread "jar transforms Thread 2" [_thread_blocked, id=11564, stack(0x0000007b55500000,0x0000007b55600000)]
  0x0000020dd701b000 JavaThread "jar transforms Thread 3" [_thread_blocked, id=15416, stack(0x0000007b55600000,0x0000007b55700000)]
  0x0000020dd701c800 JavaThread "jar transforms Thread 4" [_thread_blocked, id=13344, stack(0x0000007b55700000,0x0000007b55800000)]
  0x0000020dd7020000 JavaThread "jar transforms Thread 5" [_thread_blocked, id=14824, stack(0x0000007b55800000,0x0000007b55900000)]
  0x0000020dd701a000 JavaThread "jar transforms Thread 6" [_thread_blocked, id=21948, stack(0x0000007b55900000,0x0000007b55a00000)]
  0x0000020dd701d800 JavaThread "jar transforms Thread 7" [_thread_blocked, id=11040, stack(0x0000007b55a00000,0x0000007b55b00000)]
  0x0000020dd701e800 JavaThread "jar transforms Thread 8" [_thread_blocked, id=15972, stack(0x0000007b55b00000,0x0000007b55c00000)]
  0x0000020dd701f000 JavaThread "jar transforms Thread 9" [_thread_blocked, id=19460, stack(0x0000007b55c00000,0x0000007b55d00000)]
  0x0000020dd7021000 JavaThread "jar transforms Thread 10" [_thread_blocked, id=23276, stack(0x0000007b55d00000,0x0000007b55e00000)]
  0x0000020dd701c000 JavaThread "jar transforms Thread 11" [_thread_blocked, id=10852, stack(0x0000007b55000000,0x0000007b55100000)]
  0x0000020dd7025800 JavaThread "jar transforms Thread 12" [_thread_blocked, id=8744, stack(0x0000007b55e00000,0x0000007b55f00000)]
  0x0000020dd7025000 JavaThread "Cache worker for checksums cache (C:\Users\Matze\Desktop\Studium\Aalen\7.Semester\SoftwareArchitecture\Lab4\.gradle\checksums)" [_thread_blocked, id=20832, stack(0x0000007b55f00000,0x0000007b56000000)]
  0x0000020dd7022800 JavaThread "Cache worker for cache directory md-supplier (C:\Users\Matze\.gradle\caches\7.0.2\md-supplier)" [_thread_blocked, id=8264, stack(0x0000007b56000000,0x0000007b56100000)]
  0x0000020dd7021800 JavaThread "Cache worker for cache directory md-rule (C:\Users\Matze\.gradle\caches\7.0.2\md-rule)" [_thread_blocked, id=14952, stack(0x0000007b56200000,0x0000007b56300000)]
  0x0000020dd7028000 JavaThread "Cache worker for execution history cache (C:\Users\Matze\.gradle\caches\7.0.2\executionHistory)" [_thread_blocked, id=6104, stack(0x0000007b56300000,0x0000007b56400000)]
  0x0000020dd7029000 JavaThread "Cache worker for file content cache (C:\Users\Matze\.gradle\caches\7.0.2\fileContent)" [_thread_blocked, id=1384, stack(0x0000007b56500000,0x0000007b56600000)]
  0x0000020dd7024000 JavaThread "Cache worker for dependencies-accessors (C:\Users\Matze\Desktop\Studium\Aalen\7.Semester\SoftwareArchitecture\Lab4\.gradle\7.0.2\dependencies-accessors)" [_thread_blocked, id=4732, stack(0x0000007b56600000,0x0000007b56700000)]
  0x0000020dd7027800 JavaThread "Cache worker for Build Output Cleanup Cache (C:\Users\Matze\Desktop\Studium\Aalen\7.Semester\SoftwareArchitecture\Lab4\.gradle\buildOutputCleanup)" [_thread_blocked, id=19484, stack(0x0000007b56700000,0x0000007b56800000)]
  0x0000020dd9e53000 JavaThread "Build operations" [_thread_blocked, id=23744, stack(0x0000007b56100000,0x0000007b56200000)]
  0x0000020dd9e4e000 JavaThread "Build operations Thread 2" [_thread_blocked, id=22500, stack(0x0000007b56400000,0x0000007b56500000)]
  0x0000020dd9e4f000 JavaThread "Build operations Thread 3" [_thread_blocked, id=8016, stack(0x0000007b56800000,0x0000007b56900000)]
  0x0000020dd9e50000 JavaThread "Build operations Thread 4" [_thread_blocked, id=4004, stack(0x0000007b56900000,0x0000007b56a00000)]
  0x0000020dd9e56800 JavaThread "Build operations Thread 5" [_thread_blocked, id=6316, stack(0x0000007b56a00000,0x0000007b56b00000)]
  0x0000020dd9e50800 JavaThread "Build operations Thread 6" [_thread_blocked, id=17236, stack(0x0000007b56b00000,0x0000007b56c00000)]
  0x0000020dd9e54000 JavaThread "Build operations Thread 7" [_thread_blocked, id=21372, stack(0x0000007b56c00000,0x0000007b56d00000)]
  0x0000020dd9e55000 JavaThread "Build operations Thread 8" [_thread_blocked, id=22612, stack(0x0000007b56d00000,0x0000007b56e00000)]
  0x0000020dd9e55800 JavaThread "Build operations Thread 9" [_thread_blocked, id=14224, stack(0x0000007b56e00000,0x0000007b56f00000)]
  0x0000020dd9e51800 JavaThread "Build operations Thread 10" [_thread_in_Java, id=25544, stack(0x0000007b56f00000,0x0000007b57000000)]
  0x0000020dd9e57000 JavaThread "Build operations Thread 11" [_thread_blocked, id=12780, stack(0x0000007b57000000,0x0000007b57100000)]
  0x0000020dd9e58000 JavaThread "Build operations Thread 12" [_thread_blocked, id=6436, stack(0x0000007b57100000,0x0000007b57200000)]
  0x0000020dde622800 JavaThread "C2 CompilerThread1" daemon [_thread_blocked, id=21212, stack(0x0000007b57200000,0x0000007b57300000)]
  0x0000020dd9e52800 JavaThread "Memory manager" [_thread_blocked, id=21924, stack(0x0000007b57400000,0x0000007b57500000)]
  0x0000020dd6ea3800 JavaThread "C2 CompilerThread2" daemon [_thread_in_native, id=6188, stack(0x0000007b57300000,0x0000007b57400000)]

Other Threads:
  0x0000020dd3bde000 VMThread "VM Thread" [stack: 0x0000007b52c00000,0x0000007b52d00000] [id=17356] _threads_hazard_ptr=0x0000020ddd2aeaa0
  0x0000020dd45f8800 WatcherThread [stack: 0x0000007b53600000,0x0000007b53700000] [id=22840]
  0x0000020db737f000 GCTaskThread "GC Thread#0" [stack: 0x0000007b52700000,0x0000007b52800000] [id=24504]
  0x0000020dd56a8000 GCTaskThread "GC Thread#1" [stack: 0x0000007b53800000,0x0000007b53900000] [id=8492]
  0x0000020dd5189800 GCTaskThread "GC Thread#2" [stack: 0x0000007b53900000,0x0000007b53a00000] [id=10144]
  0x0000020dd5bbe000 GCTaskThread "GC Thread#3" [stack: 0x0000007b54300000,0x0000007b54400000] [id=18440]
  0x0000020dd6ca2800 GCTaskThread "GC Thread#4" [stack: 0x0000007b54400000,0x0000007b54500000] [id=1996]
  0x0000020dd72c2800 GCTaskThread "GC Thread#5" [stack: 0x0000007b54500000,0x0000007b54600000] [id=2132]
  0x0000020dd4679800 GCTaskThread "GC Thread#6" [stack: 0x0000007b54600000,0x0000007b54700000] [id=11544]
  0x0000020dd44eb000 GCTaskThread "GC Thread#7" [stack: 0x0000007b54700000,0x0000007b54800000] [id=1464]
  0x0000020dd552f800 GCTaskThread "GC Thread#8" [stack: 0x0000007b54800000,0x0000007b54900000] [id=23344]
  0x0000020dd53cd800 GCTaskThread "GC Thread#9" [stack: 0x0000007b54900000,0x0000007b54a00000] [id=10244]
  0x0000020db73b1000 ConcurrentGCThread "G1 Main Marker" [stack: 0x0000007b52800000,0x0000007b52900000] [id=12204]
  0x0000020db73b2000 ConcurrentGCThread "G1 Conc#0" [stack: 0x0000007b52900000,0x0000007b52a00000] [id=9200]
  0x0000020dd475c000 ConcurrentGCThread "G1 Conc#1" [stack: 0x0000007b54d00000,0x0000007b54e00000] [id=17536]
  0x0000020dd51e9800 ConcurrentGCThread "G1 Conc#2" [stack: 0x0000007b54e00000,0x0000007b54f00000] [id=8332]
  0x0000020dd3a21800 ConcurrentGCThread "G1 Refine#0" [stack: 0x0000007b52a00000,0x0000007b52b00000] [id=8588]
  0x0000020dd78fd800 ConcurrentGCThread "G1 Refine#1" [stack: 0x0000007b54a00000,0x0000007b54b00000] [id=16952]
  0x0000020dd3a22800 ConcurrentGCThread "G1 Young RemSet Sampling" [stack: 0x0000007b52b00000,0x0000007b52c00000] [id=11084]

Threads with active compile tasks:
C1 CompilerThread0  40442 9769       3       sun.security.jca.ProviderList$ServiceList::tryGet (304 bytes)
C2 CompilerThread2  40442 9749 %     4       sun.security.util.AbstractAlgorithmConstraints::checkAlgorithm @ 98 (140 bytes)

VM state:synchronizing (normal execution)

VM Mutex/Monitor currently owned by a thread:  ([mutex/lock_event])
[0x0000020db7362630] Safepoint_lock - owner thread: 0x0000020dd3bde000
[0x0000020db73614c0] Threads_lock - owner thread: 0x0000020dd3bde000
[0x0000020db7360ce0] Compile_lock - owner thread: 0x0000020dd9e55800

Heap address: 0x0000000080000000, size: 2048 MB, Compressed Oops mode: 32-bit
Narrow klass base: 0x0000000000000000, Narrow klass shift: 3
Compressed class space size: 1073741824 Address: 0x0000000100000000

Heap:
 garbage-first heap   total 189440K, used 130308K [0x0000000080000000, 0x0000000100000000)
  region size 1024K, 26 young (26624K), 5 survivors (5120K)
 Metaspace       used 98946K, capacity 101200K, committed 101504K, reserved 1136640K
  class space    used 12797K, capacity 13628K, committed 13696K, reserved 1048576K
Heap Regions: E=young(eden), S=young(survivor), O=old, HS=humongous(starts), HC=humongous(continues), CS=collection set, F=free, A=archive, TAMS=top-at-mark-start (previous, next)
|   0|0x0000000080000000, 0x0000000080100000, 0x0000000080100000|100%| O|  |TAMS 0x0000000080100000, 0x0000000080000000| Untracked 
|   1|0x0000000080100000, 0x0000000080200000, 0x0000000080200000|100%| O|  |TAMS 0x0000000080200000, 0x0000000080100000| Untracked 
|   2|0x0000000080200000, 0x0000000080300000, 0x0000000080300000|100%| O|  |TAMS 0x0000000080300000, 0x0000000080200000| Untracked 
|   3|0x0000000080300000, 0x0000000080400000, 0x0000000080400000|100%|HS|  |TAMS 0x0000000080400000, 0x0000000080300000| Complete 
|   4|0x0000000080400000, 0x0000000080500000, 0x0000000080500000|100%|HC|  |TAMS 0x0000000080500000, 0x0000000080400000| Complete 
|   5|0x0000000080500000, 0x0000000080600000, 0x0000000080600000|100%|HC|  |TAMS 0x0000000080600000, 0x0000000080500000| Complete 
|   6|0x0000000080600000, 0x0000000080700000, 0x0000000080700000|100%| O|  |TAMS 0x0000000080700000, 0x0000000080600000| Untracked 
|   7|0x0000000080700000, 0x0000000080800000, 0x0000000080800000|100%| O|  |TAMS 0x0000000080800000, 0x0000000080700000| Untracked 
|   8|0x0000000080800000, 0x0000000080900000, 0x0000000080900000|100%| O|  |TAMS 0x0000000080900000, 0x0000000080800000| Untracked 
|   9|0x0000000080900000, 0x0000000080a00000, 0x0000000080a00000|100%| O|  |TAMS 0x0000000080a00000, 0x0000000080900000| Untracked 
|  10|0x0000000080a00000, 0x0000000080b00000, 0x0000000080b00000|100%| O|  |TAMS 0x0000000080b00000, 0x0000000080a00000| Untracked 
|  11|0x0000000080b00000, 0x0000000080c00000, 0x0000000080c00000|100%| O|  |TAMS 0x0000000080c00000, 0x0000000080b00000| Untracked 
|  12|0x0000000080c00000, 0x0000000080d00000, 0x0000000080d00000|100%| O|  |TAMS 0x0000000080d00000, 0x0000000080c00000| Untracked 
|  13|0x0000000080d00000, 0x0000000080e00000, 0x0000000080e00000|100%| O|  |TAMS 0x0000000080e00000, 0x0000000080d00000| Untracked 
|  14|0x0000000080e00000, 0x0000000080f00000, 0x0000000080f00000|100%| O|  |TAMS 0x0000000080f00000, 0x0000000080e00000| Untracked 
|  15|0x0000000080f00000, 0x0000000081000000, 0x0000000081000000|100%| O|  |TAMS 0x0000000081000000, 0x0000000080f00000| Untracked 
|  16|0x0000000081000000, 0x0000000081100000, 0x0000000081100000|100%| O|  |TAMS 0x0000000081100000, 0x0000000081000000| Untracked 
|  17|0x0000000081100000, 0x0000000081200000, 0x0000000081200000|100%|HS|  |TAMS 0x0000000081200000, 0x0000000081100000| Complete 
|  18|0x0000000081200000, 0x0000000081300000, 0x0000000081300000|100%|HC|  |TAMS 0x0000000081300000, 0x0000000081200000| Complete 
|  19|0x0000000081300000, 0x0000000081400000, 0x0000000081400000|100%|HS|  |TAMS 0x0000000081400000, 0x0000000081300000| Complete 
|  20|0x0000000081400000, 0x0000000081500000, 0x0000000081500000|100%|HC|  |TAMS 0x0000000081500000, 0x0000000081400000| Complete 
|  21|0x0000000081500000, 0x0000000081600000, 0x0000000081600000|100%|HC|  |TAMS 0x0000000081600000, 0x0000000081500000| Complete 
|  22|0x0000000081600000, 0x0000000081700000, 0x0000000081700000|100%|HS|  |TAMS 0x0000000081700000, 0x0000000081600000| Complete 
|  23|0x0000000081700000, 0x0000000081800000, 0x0000000081800000|100%|HC|  |TAMS 0x0000000081800000, 0x0000000081700000| Complete 
|  24|0x0000000081800000, 0x0000000081900000, 0x0000000081900000|100%|HC|  |TAMS 0x0000000081900000, 0x0000000081800000| Complete 
|  25|0x0000000081900000, 0x0000000081a00000, 0x0000000081a00000|100%|HC|  |TAMS 0x0000000081a00000, 0x0000000081900000| Complete 
|  26|0x0000000081a00000, 0x0000000081b00000, 0x0000000081b00000|100%|HC|  |TAMS 0x0000000081b00000, 0x0000000081a00000| Complete 
|  27|0x0000000081b00000, 0x0000000081c00000, 0x0000000081c00000|100%| O|  |TAMS 0x0000000081c00000, 0x0000000081b00000| Untracked 
|  28|0x0000000081c00000, 0x0000000081d00000, 0x0000000081d00000|100%| O|  |TAMS 0x0000000081d00000, 0x0000000081c00000| Untracked 
|  29|0x0000000081d00000, 0x0000000081e00000, 0x0000000081e00000|100%| O|  |TAMS 0x0000000081e00000, 0x0000000081d00000| Untracked 
|  30|0x0000000081e00000, 0x0000000081f00000, 0x0000000081f00000|100%| O|  |TAMS 0x0000000081f00000, 0x0000000081e00000| Untracked 
|  31|0x0000000081f00000, 0x0000000082000000, 0x0000000082000000|100%| O|  |TAMS 0x0000000082000000, 0x0000000081f00000| Untracked 
|  32|0x0000000082000000, 0x0000000082100000, 0x0000000082100000|100%| O|  |TAMS 0x0000000082100000, 0x0000000082000000| Untracked 
|  33|0x0000000082100000, 0x0000000082200000, 0x0000000082200000|100%|HS|  |TAMS 0x0000000082200000, 0x0000000082100000| Complete 
|  34|0x0000000082200000, 0x0000000082300000, 0x0000000082300000|100%|HC|  |TAMS 0x0000000082300000, 0x0000000082200000| Complete 
|  35|0x0000000082300000, 0x0000000082400000, 0x0000000082400000|100%|HC|  |TAMS 0x0000000082400000, 0x0000000082300000| Complete 
|  36|0x0000000082400000, 0x0000000082500000, 0x0000000082500000|100%|HC|  |TAMS 0x0000000082500000, 0x0000000082400000| Complete 
|  37|0x0000000082500000, 0x0000000082600000, 0x0000000082600000|100%|HC|  |TAMS 0x0000000082600000, 0x0000000082500000| Complete 
|  38|0x0000000082600000, 0x0000000082700000, 0x0000000082700000|100%| O|  |TAMS 0x0000000082700000, 0x0000000082600000| Untracked 
|  39|0x0000000082700000, 0x0000000082800000, 0x0000000082800000|100%| O|  |TAMS 0x0000000082800000, 0x0000000082700000| Untracked 
|  40|0x0000000082800000, 0x0000000082900000, 0x0000000082900000|100%| O|  |TAMS 0x0000000082900000, 0x0000000082800000| Untracked 
|  41|0x0000000082900000, 0x0000000082a00000, 0x0000000082a00000|100%| O|  |TAMS 0x0000000082a00000, 0x0000000082900000| Untracked 
|  42|0x0000000082a00000, 0x0000000082b00000, 0x0000000082b00000|100%| O|  |TAMS 0x0000000082b00000, 0x0000000082a00000| Untracked 
|  43|0x0000000082b00000, 0x0000000082c00000, 0x0000000082c00000|100%|HS|  |TAMS 0x0000000082c00000, 0x0000000082b00000| Complete 
|  44|0x0000000082c00000, 0x0000000082d00000, 0x0000000082d00000|100%|HC|  |TAMS 0x0000000082d00000, 0x0000000082c00000| Complete 
|  45|0x0000000082d00000, 0x0000000082e00000, 0x0000000082e00000|100%|HC|  |TAMS 0x0000000082e00000, 0x0000000082d00000| Complete 
|  46|0x0000000082e00000, 0x0000000082f00000, 0x0000000082f00000|100%| O|  |TAMS 0x0000000082f00000, 0x0000000082e00000| Untracked 
|  47|0x0000000082f00000, 0x0000000083000000, 0x0000000083000000|100%| O|  |TAMS 0x0000000083000000, 0x0000000082f00000| Untracked 
|  48|0x0000000083000000, 0x0000000083100000, 0x0000000083100000|100%| O|  |TAMS 0x0000000083100000, 0x0000000083000000| Untracked 
|  49|0x0000000083100000, 0x0000000083200000, 0x0000000083200000|100%| O|  |TAMS 0x0000000083200000, 0x0000000083100000| Untracked 
|  50|0x0000000083200000, 0x0000000083300000, 0x0000000083300000|100%| O|  |TAMS 0x0000000083300000, 0x0000000083200000| Untracked 
|  51|0x0000000083300000, 0x0000000083400000, 0x0000000083400000|100%| O|  |TAMS 0x0000000083400000, 0x0000000083300000| Untracked 
|  52|0x0000000083400000, 0x0000000083500000, 0x0000000083500000|100%| O|  |TAMS 0x0000000083500000, 0x0000000083400000| Untracked 
|  53|0x0000000083500000, 0x0000000083600000, 0x0000000083600000|100%| O|  |TAMS 0x0000000083600000, 0x0000000083500000| Untracked 
|  54|0x0000000083600000, 0x0000000083700000, 0x0000000083700000|100%| O|  |TAMS 0x0000000083700000, 0x0000000083600000| Untracked 
|  55|0x0000000083700000, 0x0000000083800000, 0x0000000083800000|100%| O|  |TAMS 0x0000000083800000, 0x0000000083700000| Untracked 
|  56|0x0000000083800000, 0x0000000083900000, 0x0000000083900000|100%| O|  |TAMS 0x0000000083900000, 0x0000000083800000| Untracked 
|  57|0x0000000083900000, 0x0000000083a00000, 0x0000000083a00000|100%| O|  |TAMS 0x0000000083a00000, 0x0000000083900000| Untracked 
|  58|0x0000000083a00000, 0x0000000083b00000, 0x0000000083b00000|100%| O|  |TAMS 0x0000000083b00000, 0x0000000083a00000| Untracked 
|  59|0x0000000083b00000, 0x0000000083c00000, 0x0000000083c00000|100%| O|  |TAMS 0x0000000083c00000, 0x0000000083b00000| Untracked 
|  60|0x0000000083c00000, 0x0000000083d00000, 0x0000000083d00000|100%| O|  |TAMS 0x0000000083d00000, 0x0000000083c00000| Untracked 
|  61|0x0000000083d00000, 0x0000000083e00000, 0x0000000083e00000|100%|HS|  |TAMS 0x0000000083e00000, 0x0000000083d00000| Complete 
|  62|0x0000000083e00000, 0x0000000083f00000, 0x0000000083f00000|100%|HS|  |TAMS 0x0000000083f00000, 0x0000000083e00000| Complete 
|  63|0x0000000083f00000, 0x0000000084000000, 0x0000000084000000|100%|HS|  |TAMS 0x0000000084000000, 0x0000000083f00000| Complete 
|  64|0x0000000084000000, 0x0000000084100000, 0x0000000084100000|100%| O|  |TAMS 0x0000000084100000, 0x0000000084000000| Untracked 
|  65|0x0000000084100000, 0x0000000084200000, 0x0000000084200000|100%| O|  |TAMS 0x0000000084200000, 0x0000000084100000| Untracked 
|  66|0x0000000084200000, 0x0000000084300000, 0x0000000084300000|100%| O|  |TAMS 0x0000000084300000, 0x0000000084200000| Untracked 
|  67|0x0000000084300000, 0x0000000084400000, 0x0000000084400000|100%| O|  |TAMS 0x0000000084400000, 0x0000000084300000| Untracked 
|  68|0x0000000084400000, 0x0000000084500000, 0x0000000084500000|100%| O|  |TAMS 0x0000000084500000, 0x0000000084400000| Untracked 
|  69|0x0000000084500000, 0x0000000084600000, 0x0000000084600000|100%|HS|  |TAMS 0x0000000084600000, 0x0000000084500000| Complete 
|  70|0x0000000084600000, 0x0000000084700000, 0x0000000084700000|100%|HC|  |TAMS 0x0000000084700000, 0x0000000084600000| Complete 
|  71|0x0000000084700000, 0x0000000084800000, 0x0000000084800000|100%|HC|  |TAMS 0x0000000084800000, 0x0000000084700000| Complete 
|  72|0x0000000084800000, 0x0000000084900000, 0x0000000084900000|100%|HS|  |TAMS 0x0000000084900000, 0x0000000084800000| Complete 
|  73|0x0000000084900000, 0x0000000084a00000, 0x0000000084a00000|100%|HC|  |TAMS 0x0000000084a00000, 0x0000000084900000| Complete 
|  74|0x0000000084a00000, 0x0000000084b00000, 0x0000000084b00000|100%| O|  |TAMS 0x0000000084b00000, 0x0000000084a00000| Untracked 
|  75|0x0000000084b00000, 0x0000000084c00000, 0x0000000084c00000|100%| O|  |TAMS 0x0000000084c00000, 0x0000000084b00000| Untracked 
|  76|0x0000000084c00000, 0x0000000084d00000, 0x0000000084d00000|100%| O|  |TAMS 0x0000000084d00000, 0x0000000084c00000| Untracked 
|  77|0x0000000084d00000, 0x0000000084e00000, 0x0000000084e00000|100%| O|  |TAMS 0x0000000084e00000, 0x0000000084d00000| Untracked 
|  78|0x0000000084e00000, 0x0000000084f00000, 0x0000000084f00000|100%| O|  |TAMS 0x0000000084f00000, 0x0000000084e00000| Untracked 
|  79|0x0000000084f00000, 0x0000000085000000, 0x0000000085000000|100%| O|  |TAMS 0x0000000085000000, 0x0000000084f00000| Untracked 
|  80|0x0000000085000000, 0x0000000085100000, 0x0000000085100000|100%| O|  |TAMS 0x0000000085100000, 0x0000000085000000| Untracked 
|  81|0x0000000085100000, 0x0000000085200000, 0x0000000085200000|100%| O|  |TAMS 0x0000000085200000, 0x0000000085100000| Untracked 
|  82|0x0000000085200000, 0x0000000085300000, 0x0000000085300000|100%| O|  |TAMS 0x0000000085300000, 0x0000000085200000| Untracked 
|  83|0x0000000085300000, 0x0000000085400000, 0x0000000085400000|100%| O|  |TAMS 0x0000000085400000, 0x0000000085300000| Untracked 
|  84|0x0000000085400000, 0x0000000085500000, 0x0000000085500000|100%| O|  |TAMS 0x0000000085500000, 0x0000000085400000| Untracked 
|  85|0x0000000085500000, 0x0000000085600000, 0x0000000085600000|100%| O|  |TAMS 0x0000000085600000, 0x0000000085500000| Untracked 
|  86|0x0000000085600000, 0x0000000085700000, 0x0000000085700000|100%| O|  |TAMS 0x0000000085700000, 0x0000000085600000| Untracked 
|  87|0x0000000085700000, 0x0000000085800000, 0x0000000085800000|100%| O|  |TAMS 0x0000000085800000, 0x0000000085700000| Untracked 
|  88|0x0000000085800000, 0x0000000085900000, 0x0000000085900000|100%| O|  |TAMS 0x0000000085900000, 0x0000000085800000| Untracked 
|  89|0x0000000085900000, 0x0000000085a00000, 0x0000000085a00000|100%| O|  |TAMS 0x0000000085a00000, 0x0000000085900000| Untracked 
|  90|0x0000000085a00000, 0x0000000085b00000, 0x0000000085b00000|100%| O|  |TAMS 0x0000000085b00000, 0x0000000085a00000| Untracked 
|  91|0x0000000085b00000, 0x0000000085c00000, 0x0000000085c00000|100%| O|  |TAMS 0x0000000085c00000, 0x0000000085b00000| Untracked 
|  92|0x0000000085c00000, 0x0000000085d00000, 0x0000000085d00000|100%| O|  |TAMS 0x0000000085d00000, 0x0000000085c00000| Untracked 
|  93|0x0000000085d00000, 0x0000000085e00000, 0x0000000085e00000|100%| O|  |TAMS 0x0000000085e00000, 0x0000000085d00000| Untracked 
|  94|0x0000000085e00000, 0x0000000085f00000, 0x0000000085f00000|100%| O|  |TAMS 0x0000000085f00000, 0x0000000085e00000| Untracked 
|  95|0x0000000085f00000, 0x0000000086000000, 0x0000000086000000|100%| O|  |TAMS 0x0000000086000000, 0x0000000085f00000| Untracked 
|  96|0x0000000086000000, 0x0000000086100000, 0x0000000086100000|100%| O|  |TAMS 0x0000000086100000, 0x0000000086000000| Untracked 
|  97|0x0000000086100000, 0x0000000086200000, 0x0000000086200000|100%| O|  |TAMS 0x0000000086200000, 0x0000000086100000| Untracked 
|  98|0x0000000086200000, 0x0000000086300000, 0x0000000086300000|100%| O|  |TAMS 0x0000000086300000, 0x0000000086200000| Untracked 
|  99|0x0000000086300000, 0x0000000086400000, 0x0000000086400000|100%| O|  |TAMS 0x0000000086400000, 0x0000000086300000| Untracked 
| 100|0x0000000086400000, 0x0000000086500000, 0x0000000086500000|100%| O|  |TAMS 0x0000000086500000, 0x0000000086400000| Untracked 
| 101|0x0000000086500000, 0x0000000086600000, 0x0000000086600000|100%| O|  |TAMS 0x0000000086600000, 0x0000000086500000| Untracked 
| 102|0x0000000086600000, 0x0000000086641200, 0x0000000086700000| 25%| O|  |TAMS 0x0000000086641200, 0x0000000086600000| Untracked 
| 103|0x0000000086700000, 0x0000000086700000, 0x0000000086800000|  0%| F|  |TAMS 0x0000000086700000, 0x0000000086700000| Untracked 
| 104|0x0000000086800000, 0x0000000086800000, 0x0000000086900000|  0%| F|  |TAMS 0x0000000086800000, 0x0000000086800000| Untracked 
| 105|0x0000000086900000, 0x0000000086900000, 0x0000000086a00000|  0%| F|  |TAMS 0x0000000086900000, 0x0000000086900000| Untracked 
| 106|0x0000000086a00000, 0x0000000086a00000, 0x0000000086b00000|  0%| F|  |TAMS 0x0000000086a00000, 0x0000000086a00000| Untracked 
| 107|0x0000000086b00000, 0x0000000086b00000, 0x0000000086c00000|  0%| F|  |TAMS 0x0000000086b00000, 0x0000000086b00000| Untracked 
| 108|0x0000000086c00000, 0x0000000086c00000, 0x0000000086d00000|  0%| F|  |TAMS 0x0000000086c00000, 0x0000000086c00000| Untracked 
| 109|0x0000000086d00000, 0x0000000086d00000, 0x0000000086e00000|  0%| F|  |TAMS 0x0000000086d00000, 0x0000000086d00000| Untracked 
| 110|0x0000000086e00000, 0x0000000086e00000, 0x0000000086f00000|  0%| F|  |TAMS 0x0000000086e00000, 0x0000000086e00000| Untracked 
| 111|0x0000000086f00000, 0x0000000086f00000, 0x0000000087000000|  0%| F|  |TAMS 0x0000000086f00000, 0x0000000086f00000| Untracked 
| 112|0x0000000087000000, 0x0000000087000000, 0x0000000087100000|  0%| F|  |TAMS 0x0000000087000000, 0x0000000087000000| Untracked 
| 113|0x0000000087100000, 0x0000000087100000, 0x0000000087200000|  0%| F|  |TAMS 0x0000000087100000, 0x0000000087100000| Untracked 
| 114|0x0000000087200000, 0x0000000087200000, 0x0000000087300000|  0%| F|  |TAMS 0x0000000087200000, 0x0000000087200000| Untracked 
| 115|0x0000000087300000, 0x0000000087300000, 0x0000000087400000|  0%| F|  |TAMS 0x0000000087300000, 0x0000000087300000| Untracked 
| 116|0x0000000087400000, 0x0000000087400000, 0x0000000087500000|  0%| F|  |TAMS 0x0000000087400000, 0x0000000087400000| Untracked 
| 117|0x0000000087500000, 0x0000000087500000, 0x0000000087600000|  0%| F|  |TAMS 0x0000000087500000, 0x0000000087500000| Untracked 
| 118|0x0000000087600000, 0x0000000087600000, 0x0000000087700000|  0%| F|  |TAMS 0x0000000087600000, 0x0000000087600000| Untracked 
| 119|0x0000000087700000, 0x0000000087700000, 0x0000000087800000|  0%| F|  |TAMS 0x0000000087700000, 0x0000000087700000| Untracked 
| 120|0x0000000087800000, 0x0000000087800000, 0x0000000087900000|  0%| F|  |TAMS 0x0000000087800000, 0x0000000087800000| Untracked 
| 121|0x0000000087900000, 0x0000000087900000, 0x0000000087a00000|  0%| F|  |TAMS 0x0000000087900000, 0x0000000087900000| Untracked 
| 122|0x0000000087a00000, 0x0000000087a00000, 0x0000000087b00000|  0%| F|  |TAMS 0x0000000087a00000, 0x0000000087a00000| Untracked 
| 123|0x0000000087b00000, 0x0000000087b00000, 0x0000000087c00000|  0%| F|  |TAMS 0x0000000087b00000, 0x0000000087b00000| Untracked 
| 124|0x0000000087c00000, 0x0000000087c00000, 0x0000000087d00000|  0%| F|  |TAMS 0x0000000087c00000, 0x0000000087c00000| Untracked 
| 125|0x0000000087d00000, 0x0000000087d00000, 0x0000000087e00000|  0%| F|  |TAMS 0x0000000087d00000, 0x0000000087d00000| Untracked 
| 126|0x0000000087e00000, 0x0000000087e00000, 0x0000000087f00000|  0%| F|  |TAMS 0x0000000087e00000, 0x0000000087e00000| Untracked 
| 127|0x0000000087f00000, 0x0000000087f00000, 0x0000000088000000|  0%| F|  |TAMS 0x0000000087f00000, 0x0000000087f00000| Untracked 
| 128|0x0000000088000000, 0x0000000088000000, 0x0000000088100000|  0%| F|  |TAMS 0x0000000088000000, 0x0000000088000000| Untracked 
| 129|0x0000000088100000, 0x0000000088100000, 0x0000000088200000|  0%| F|  |TAMS 0x0000000088100000, 0x0000000088100000| Untracked 
| 130|0x0000000088200000, 0x0000000088200000, 0x0000000088300000|  0%| F|  |TAMS 0x0000000088200000, 0x0000000088200000| Untracked 
| 131|0x0000000088300000, 0x0000000088300000, 0x0000000088400000|  0%| F|  |TAMS 0x0000000088300000, 0x0000000088300000| Untracked 
| 132|0x0000000088400000, 0x0000000088400000, 0x0000000088500000|  0%| F|  |TAMS 0x0000000088400000, 0x0000000088400000| Untracked 
| 133|0x0000000088500000, 0x0000000088500000, 0x0000000088600000|  0%| F|  |TAMS 0x0000000088500000, 0x0000000088500000| Untracked 
| 134|0x0000000088600000, 0x0000000088600000, 0x0000000088700000|  0%| F|  |TAMS 0x0000000088600000, 0x0000000088600000| Untracked 
| 135|0x0000000088700000, 0x0000000088800000, 0x0000000088800000|100%| S|CS|TAMS 0x0000000088700000, 0x0000000088700000| Complete 
| 136|0x0000000088800000, 0x0000000088800000, 0x0000000088900000|  0%| F|  |TAMS 0x0000000088800000, 0x0000000088800000| Untracked 
| 137|0x0000000088900000, 0x0000000088900000, 0x0000000088a00000|  0%| F|  |TAMS 0x0000000088900000, 0x0000000088900000| Untracked 
| 138|0x0000000088a00000, 0x0000000088a00000, 0x0000000088b00000|  0%| F|  |TAMS 0x0000000088a00000, 0x0000000088a00000| Untracked 
| 139|0x0000000088b00000, 0x0000000088b00000, 0x0000000088c00000|  0%| F|  |TAMS 0x0000000088b00000, 0x0000000088b00000| Untracked 
| 140|0x0000000088c00000, 0x0000000088c00000, 0x0000000088d00000|  0%| F|  |TAMS 0x0000000088c00000, 0x0000000088c00000| Untracked 
| 141|0x0000000088d00000, 0x0000000088e00000, 0x0000000088e00000|100%| S|CS|TAMS 0x0000000088d00000, 0x0000000088d00000| Complete 
| 142|0x0000000088e00000, 0x0000000088f00000, 0x0000000088f00000|100%| S|CS|TAMS 0x0000000088e00000, 0x0000000088e00000| Complete 
| 143|0x0000000088f00000, 0x0000000089000000, 0x0000000089000000|100%| S|CS|TAMS 0x0000000088f00000, 0x0000000088f00000| Complete 
| 144|0x0000000089000000, 0x0000000089100000, 0x0000000089100000|100%| S|CS|TAMS 0x0000000089000000, 0x0000000089000000| Complete 
| 145|0x0000000089100000, 0x0000000089100000, 0x0000000089200000|  0%| F|  |TAMS 0x0000000089100000, 0x0000000089100000| Untracked 
| 146|0x0000000089200000, 0x0000000089200000, 0x0000000089300000|  0%| F|  |TAMS 0x0000000089200000, 0x0000000089200000| Untracked 
| 147|0x0000000089300000, 0x0000000089300000, 0x0000000089400000|  0%| F|  |TAMS 0x0000000089300000, 0x0000000089300000| Untracked 
| 148|0x0000000089400000, 0x0000000089400000, 0x0000000089500000|  0%| F|  |TAMS 0x0000000089400000, 0x0000000089400000| Untracked 
| 149|0x0000000089500000, 0x0000000089500000, 0x0000000089600000|  0%| F|  |TAMS 0x0000000089500000, 0x0000000089500000| Untracked 
| 150|0x0000000089600000, 0x0000000089600000, 0x0000000089700000|  0%| F|  |TAMS 0x0000000089600000, 0x0000000089600000| Untracked 
| 151|0x0000000089700000, 0x0000000089700000, 0x0000000089800000|  0%| F|  |TAMS 0x0000000089700000, 0x0000000089700000| Untracked 
| 152|0x0000000089800000, 0x0000000089800000, 0x0000000089900000|  0%| F|  |TAMS 0x0000000089800000, 0x0000000089800000| Untracked 
| 153|0x0000000089900000, 0x0000000089900000, 0x0000000089a00000|  0%| F|  |TAMS 0x0000000089900000, 0x0000000089900000| Untracked 
| 154|0x0000000089a00000, 0x0000000089a00000, 0x0000000089b00000|  0%| F|  |TAMS 0x0000000089a00000, 0x0000000089a00000| Untracked 
| 155|0x0000000089b00000, 0x0000000089b00000, 0x0000000089c00000|  0%| F|  |TAMS 0x0000000089b00000, 0x0000000089b00000| Untracked 
| 156|0x0000000089c00000, 0x0000000089c00000, 0x0000000089d00000|  0%| F|  |TAMS 0x0000000089c00000, 0x0000000089c00000| Untracked 
| 157|0x0000000089d00000, 0x0000000089d00000, 0x0000000089e00000|  0%| F|  |TAMS 0x0000000089d00000, 0x0000000089d00000| Untracked 
| 158|0x0000000089e00000, 0x0000000089e00000, 0x0000000089f00000|  0%| F|  |TAMS 0x0000000089e00000, 0x0000000089e00000| Untracked 
| 159|0x0000000089f00000, 0x0000000089f00000, 0x000000008a000000|  0%| F|  |TAMS 0x0000000089f00000, 0x0000000089f00000| Untracked 
| 160|0x000000008a000000, 0x000000008a000000, 0x000000008a100000|  0%| F|  |TAMS 0x000000008a000000, 0x000000008a000000| Untracked 
| 161|0x000000008a100000, 0x000000008a100000, 0x000000008a200000|  0%| F|  |TAMS 0x000000008a100000, 0x000000008a100000| Untracked 
| 162|0x000000008a200000, 0x000000008a200000, 0x000000008a300000|  0%| F|  |TAMS 0x000000008a200000, 0x000000008a200000| Untracked 
| 163|0x000000008a300000, 0x000000008a300000, 0x000000008a400000|  0%| F|  |TAMS 0x000000008a300000, 0x000000008a300000| Untracked 
| 164|0x000000008a400000, 0x000000008a419dd0, 0x000000008a500000| 10%| E|  |TAMS 0x000000008a400000, 0x000000008a400000| Complete 
| 165|0x000000008a500000, 0x000000008a600000, 0x000000008a600000|100%| E|CS|TAMS 0x000000008a500000, 0x000000008a500000| Complete 
| 166|0x000000008a600000, 0x000000008a700000, 0x000000008a700000|100%| E|CS|TAMS 0x000000008a600000, 0x000000008a600000| Complete 
| 167|0x000000008a700000, 0x000000008a800000, 0x000000008a800000|100%| E|CS|TAMS 0x000000008a700000, 0x000000008a700000| Complete 
| 168|0x000000008a800000, 0x000000008a900000, 0x000000008a900000|100%| E|CS|TAMS 0x000000008a800000, 0x000000008a800000| Complete 
| 169|0x000000008a900000, 0x000000008aa00000, 0x000000008aa00000|100%| E|CS|TAMS 0x000000008a900000, 0x000000008a900000| Complete 
| 170|0x000000008aa00000, 0x000000008ab00000, 0x000000008ab00000|100%| E|CS|TAMS 0x000000008aa00000, 0x000000008aa00000| Complete 
| 171|0x000000008ab00000, 0x000000008ac00000, 0x000000008ac00000|100%| E|CS|TAMS 0x000000008ab00000, 0x000000008ab00000| Complete 
| 172|0x000000008ac00000, 0x000000008ad00000, 0x000000008ad00000|100%| E|CS|TAMS 0x000000008ac00000, 0x000000008ac00000| Complete 
| 173|0x000000008ad00000, 0x000000008ae00000, 0x000000008ae00000|100%| E|CS|TAMS 0x000000008ad00000, 0x000000008ad00000| Complete 
| 174|0x000000008ae00000, 0x000000008af00000, 0x000000008af00000|100%| E|CS|TAMS 0x000000008ae00000, 0x000000008ae00000| Complete 
| 175|0x000000008af00000, 0x000000008b000000, 0x000000008b000000|100%| E|CS|TAMS 0x000000008af00000, 0x000000008af00000| Complete 
| 176|0x000000008b000000, 0x000000008b100000, 0x000000008b100000|100%| E|CS|TAMS 0x000000008b000000, 0x000000008b000000| Complete 
| 177|0x000000008b100000, 0x000000008b200000, 0x000000008b200000|100%| E|CS|TAMS 0x000000008b100000, 0x000000008b100000| Complete 
| 178|0x000000008b200000, 0x000000008b300000, 0x000000008b300000|100%| E|CS|TAMS 0x000000008b200000, 0x000000008b200000| Complete 
| 179|0x000000008b300000, 0x000000008b400000, 0x000000008b400000|100%| E|CS|TAMS 0x000000008b300000, 0x000000008b300000| Complete 
| 180|0x000000008b400000, 0x000000008b500000, 0x000000008b500000|100%| E|CS|TAMS 0x000000008b400000, 0x000000008b400000| Complete 
| 181|0x000000008b500000, 0x000000008b600000, 0x000000008b600000|100%| E|CS|TAMS 0x000000008b500000, 0x000000008b500000| Complete 
| 182|0x000000008b600000, 0x000000008b700000, 0x000000008b700000|100%| E|CS|TAMS 0x000000008b600000, 0x000000008b600000| Complete 
| 183|0x000000008b700000, 0x000000008b800000, 0x000000008b800000|100%| E|CS|TAMS 0x000000008b700000, 0x000000008b700000| Complete 
| 184|0x000000008b800000, 0x000000008b900000, 0x000000008b900000|100%| E|CS|TAMS 0x000000008b800000, 0x000000008b800000| Complete 

Card table byte_map: [0x0000020dcc6d0000,0x0000020dccad0000] _byte_map_base: 0x0000020dcc2d0000

Marking Bits (Prev, Next): (CMBitMap*) 0x0000020db73a7f30, (CMBitMap*) 0x0000020db73a7ef8
 Prev Bits: [0x0000020dceed0000, 0x0000020dd0ed0000)
 Next Bits: [0x0000020dcced0000, 0x0000020dceed0000)

Polling page: 0x0000020db7440000

Metaspace:

Usage:
  Non-class:     85.52 MB capacity,    84.13 MB ( 98%) used,     1.15 MB (  1%) free+waste,   245.75 KB ( <1%) overhead. 
      Class:     13.31 MB capacity,    12.50 MB ( 94%) used,   717.22 KB (  5%) free+waste,   113.00 KB ( <1%) overhead. 
       Both:     98.83 MB capacity,    96.63 MB ( 98%) used,     1.85 MB (  2%) free+waste,   358.75 KB ( <1%) overhead. 

Virtual space:
  Non-class space:       86.00 MB reserved,      85.75 MB (>99%) committed 
      Class space:        1.00 GB reserved,      13.38 MB (  1%) committed 
             Both:        1.08 GB reserved,      99.13 MB (  9%) committed 

Chunk freelists:
   Non-Class:  44.00 KB
       Class:  36.00 KB
        Both:  80.00 KB

MaxMetaspaceSize: 17179869184.00 GB
CompressedClassSpaceSize: 1.00 GB

CodeHeap 'non-profiled nmethods': size=120000Kb used=6747Kb max_used=6747Kb free=113252Kb
 bounds [0x0000020dc4110000, 0x0000020dc47b0000, 0x0000020dcb640000]
CodeHeap 'profiled nmethods': size=120000Kb used=21079Kb max_used=21079Kb free=98920Kb
 bounds [0x0000020dbcbe0000, 0x0000020dbe080000, 0x0000020dc4110000]
CodeHeap 'non-nmethods': size=5760Kb used=2316Kb max_used=2371Kb free=3443Kb
 bounds [0x0000020dbc640000, 0x0000020dbc8b0000, 0x0000020dbcbe0000]
 total_blobs=10636 nmethods=9707 adapters=838
 compilation: enabled
              stopped_count=0, restarted_count=0
 full_count=0

Compilation events (20 events):
Event: 40.401 Thread 0x0000020dd4460000 9753       3       java.security.Provider::ensureLegacyParsed (123 bytes)
Event: 40.401 Thread 0x0000020dd4460000 nmethod 9753 0x0000020dbe065a90 code [0x0000020dbe065d20, 0x0000020dbe066a48]
Event: 40.402 Thread 0x0000020dd4460000 9755       3       sun.security.util.AlgorithmDecomposer::decompose (336 bytes)
Event: 40.402 Thread 0x0000020dde622800 nmethod 9745 0x0000020dc47a5210 code [0x0000020dc47a53e0, 0x0000020dc47a5678]
Event: 40.402 Thread 0x0000020dde622800 9754       4       java.lang.String::hashCode (49 bytes)
Event: 40.403 Thread 0x0000020dd4460000 nmethod 9755 0x0000020dbe066d90 code [0x0000020dbe0671e0, 0x0000020dbe0693a8]
Event: 40.403 Thread 0x0000020dd4460000 9756       3       sun.security.ssl.CipherSuite::isAvailable (52 bytes)
Event: 40.403 Thread 0x0000020dd3bf5000 nmethod 9744 0x0000020dc47a5890 code [0x0000020dc47a5a40, 0x0000020dc47a5b88]
Event: 40.403 Thread 0x0000020dd3bf5000 9751       4       java.lang.CharacterDataLatin1::digit (32 bytes)
Event: 40.403 Thread 0x0000020dd4460000 nmethod 9756 0x0000020dbe069910 code [0x0000020dbe069ae0, 0x0000020dbe069e58]
Event: 40.403 Thread 0x0000020dd3bf5000 nmethod 9751 0x0000020dc47a5d10 code [0x0000020dc47a5ea0, 0x0000020dc47a5f78]
Event: 40.403 Thread 0x0000020dd3bf5000 9752       4       java.util.regex.Pattern::skip (23 bytes)
Event: 40.404 Thread 0x0000020dd3bf5000 nmethod 9752 0x0000020dc47a6090 code [0x0000020dc47a6220, 0x0000020dc47a62d8]
Event: 40.405 Thread 0x0000020dd4460000 9757       3       java.math.BigInteger::bitLength (140 bytes)
Event: 40.405 Thread 0x0000020dd4460000 nmethod 9757 0x0000020dbe069f90 code [0x0000020dbe06a1a0, 0x0000020dbe06a6d8]
Event: 40.406 Thread 0x0000020dd4460000 9758       3       java.util.EnumSet::<init> (15 bytes)
Event: 40.406 Thread 0x0000020dd4460000 nmethod 9758 0x0000020dbe06a910 code [0x0000020dbe06aae0, 0x0000020dbe06adb8]
Event: 40.406 Thread 0x0000020dd4460000 9759       3       java.util.EnumSet::noneOf (63 bytes)
Event: 40.408 Thread 0x0000020dd4460000 nmethod 9759 0x0000020dbe06af10 code [0x0000020dbe06b220, 0x0000020dbe06c228]
Event: 40.408 Thread 0x0000020dd4460000 9762       3       sun.security.util.AlgorithmDecomposer::decomposeImpl (128 bytes)

GC Heap History (20 events):
Event: 36.928 GC heap before
{Heap before GC invocations=34 (full 0):
 garbage-first heap   total 131072K, used 109494K [0x0000000080000000, 0x0000000100000000)
  region size 1024K, 21 young (21504K), 3 survivors (3072K)
 Metaspace       used 72752K, capacity 74782K, committed 75136K, reserved 1114112K
  class space    used 9294K, capacity 9987K, committed 10112K, reserved 1048576K
}
Event: 36.932 GC heap after
{Heap after GC invocations=35 (full 0):
 garbage-first heap   total 131072K, used 93105K [0x0000000080000000, 0x0000000100000000)
  region size 1024K, 3 young (3072K), 3 survivors (3072K)
 Metaspace       used 72752K, capacity 74782K, committed 75136K, reserved 1114112K
  class space    used 9294K, capacity 9987K, committed 10112K, reserved 1048576K
}
Event: 37.091 GC heap before
{Heap before GC invocations=35 (full 0):
 garbage-first heap   total 131072K, used 111537K [0x0000000080000000, 0x0000000100000000)
  region size 1024K, 21 young (21504K), 3 survivors (3072K)
 Metaspace       used 73968K, capacity 75877K, committed 76032K, reserved 1116160K
  class space    used 9429K, capacity 10117K, committed 10240K, reserved 1048576K
}
Event: 37.096 GC heap after
{Heap after GC invocations=36 (full 0):
 garbage-first heap   total 131072K, used 94767K [0x0000000080000000, 0x0000000100000000)
  region size 1024K, 2 young (2048K), 2 survivors (2048K)
 Metaspace       used 73968K, capacity 75877K, committed 76032K, reserved 1116160K
  class space    used 9429K, capacity 10117K, committed 10240K, reserved 1048576K
}
Event: 37.364 GC heap before
{Heap before GC invocations=37 (full 0):
 garbage-first heap   total 131072K, used 111151K [0x0000000080000000, 0x0000000100000000)
  region size 1024K, 19 young (19456K), 2 survivors (2048K)
 Metaspace       used 76320K, capacity 78339K, committed 78464K, reserved 1118208K
  class space    used 9872K, capacity 10574K, committed 10624K, reserved 1048576K
}
Event: 37.368 GC heap after
{Heap after GC invocations=38 (full 0):
 garbage-first heap   total 157696K, used 95787K [0x0000000080000000, 0x0000000100000000)
  region size 1024K, 3 young (3072K), 3 survivors (3072K)
 Metaspace       used 76320K, capacity 78339K, committed 78464K, reserved 1118208K
  class space    used 9872K, capacity 10574K, committed 10624K, reserved 1048576K
}
Event: 37.700 GC heap before
{Heap before GC invocations=38 (full 0):
 garbage-first heap   total 157696K, used 122411K [0x0000000080000000, 0x0000000100000000)
  region size 1024K, 29 young (29696K), 3 survivors (3072K)
 Metaspace       used 78864K, capacity 80893K, committed 81152K, reserved 1120256K
  class space    used 10218K, capacity 10929K, committed 11008K, reserved 1048576K
}
Event: 37.704 GC heap after
{Heap after GC invocations=39 (full 0):
 garbage-first heap   total 157696K, used 97397K [0x0000000080000000, 0x0000000100000000)
  region size 1024K, 3 young (3072K), 3 survivors (3072K)
 Metaspace       used 78864K, capacity 80893K, committed 81152K, reserved 1120256K
  class space    used 10218K, capacity 10929K, committed 11008K, reserved 1048576K
}
Event: 38.044 GC heap before
{Heap before GC invocations=40 (full 0):
 garbage-first heap   total 157696K, used 124021K [0x0000000080000000, 0x0000000100000000)
  region size 1024K, 29 young (29696K), 3 survivors (3072K)
 Metaspace       used 81042K, capacity 83067K, committed 83200K, reserved 1122304K
  class space    used 10532K, capacity 11247K, committed 11264K, reserved 1048576K
}
Event: 38.047 GC heap after
{Heap after GC invocations=41 (full 0):
 garbage-first heap   total 157696K, used 98586K [0x0000000080000000, 0x0000000100000000)
  region size 1024K, 3 young (3072K), 3 survivors (3072K)
 Metaspace       used 81042K, capacity 83067K, committed 83200K, reserved 1122304K
  class space    used 10532K, capacity 11247K, committed 11264K, reserved 1048576K
}
Event: 38.402 GC heap before
{Heap before GC invocations=41 (full 0):
 garbage-first heap   total 157696K, used 126234K [0x0000000080000000, 0x0000000100000000)
  region size 1024K, 30 young (30720K), 3 survivors (3072K)
 Metaspace       used 82637K, capacity 84724K, committed 84992K, reserved 1122304K
  class space    used 10732K, capacity 11471K, committed 11520K, reserved 1048576K
}
Event: 38.408 GC heap after
{Heap after GC invocations=42 (full 0):
 garbage-first heap   total 157696K, used 100228K [0x0000000080000000, 0x0000000100000000)
  region size 1024K, 3 young (3072K), 3 survivors (3072K)
 Metaspace       used 82637K, capacity 84724K, committed 84992K, reserved 1122304K
  class space    used 10732K, capacity 11471K, committed 11520K, reserved 1048576K
}
Event: 38.642 GC heap before
{Heap before GC invocations=43 (full 0):
 garbage-first heap   total 157696K, used 127876K [0x0000000080000000, 0x0000000100000000)
  region size 1024K, 30 young (30720K), 3 survivors (3072K)
 Metaspace       used 83842K, capacity 86099K, committed 86272K, reserved 1124352K
  class space    used 10901K, capacity 11668K, committed 11776K, reserved 1048576K
}
Event: 38.647 GC heap after
{Heap after GC invocations=44 (full 0):
 garbage-first heap   total 189440K, used 102400K [0x0000000080000000, 0x0000000100000000)
  region size 1024K, 4 young (4096K), 4 survivors (4096K)
 Metaspace       used 83842K, capacity 86099K, committed 86272K, reserved 1124352K
  class space    used 10901K, capacity 11668K, committed 11776K, reserved 1048576K
}
Event: 39.002 GC heap before
{Heap before GC invocations=44 (full 0):
 garbage-first heap   total 189440K, used 135168K [0x0000000080000000, 0x0000000100000000)
  region size 1024K, 38 young (38912K), 4 survivors (4096K)
 Metaspace       used 86695K, capacity 88870K, committed 89088K, reserved 1126400K
  class space    used 11275K, capacity 12013K, committed 12032K, reserved 1048576K
}
Event: 39.007 GC heap after
{Heap after GC invocations=45 (full 0):
 garbage-first heap   total 189440K, used 105204K [0x0000000080000000, 0x0000000100000000)
  region size 1024K, 5 young (5120K), 5 survivors (5120K)
 Metaspace       used 86695K, capacity 88870K, committed 89088K, reserved 1126400K
  class space    used 11275K, capacity 12013K, committed 12032K, reserved 1048576K
}
Event: 39.611 GC heap before
{Heap before GC invocations=46 (full 0):
 garbage-first heap   total 189440K, used 146164K [0x0000000080000000, 0x0000000100000000)
  region size 1024K, 44 young (45056K), 5 survivors (5120K)
 Metaspace       used 92461K, capacity 94619K, committed 94720K, reserved 1130496K
  class space    used 11995K, capacity 12764K, committed 12800K, reserved 1048576K
}
Event: 39.617 GC heap after
{Heap after GC invocations=47 (full 0):
 garbage-first heap   total 189440K, used 106744K [0x0000000080000000, 0x0000000100000000)
  region size 1024K, 5 young (5120K), 5 survivors (5120K)
 Metaspace       used 92461K, capacity 94619K, committed 94720K, reserved 1130496K
  class space    used 11995K, capacity 12764K, committed 12800K, reserved 1048576K
}
Event: 40.154 GC heap before
{Heap before GC invocations=47 (full 0):
 garbage-first heap   total 189440K, used 147704K [0x0000000080000000, 0x0000000100000000)
  region size 1024K, 45 young (46080K), 5 survivors (5120K)
 Metaspace       used 96964K, capacity 99217K, committed 99456K, reserved 1134592K
  class space    used 12508K, capacity 13352K, committed 13440K, reserved 1048576K
}
Event: 40.161 GC heap after
{Heap after GC invocations=48 (full 0):
 garbage-first heap   total 189440K, used 109828K [0x0000000080000000, 0x0000000100000000)
  region size 1024K, 5 young (5120K), 5 survivors (5120K)
 Metaspace       used 96964K, capacity 99217K, committed 99456K, reserved 1134592K
  class space    used 12508K, capacity 13352K, committed 13440K, reserved 1048576K
}

Deoptimization events (20 events):
Event: 40.197 Thread 0x0000020dd9e55800 Uncommon trap: trap_request=0xffffff4d fr.pc=0x0000020dc43470d4 relative=0x00000000000012f4
Event: 40.197 Thread 0x0000020dd9e55800 Uncommon trap: reason=unstable_if action=reinterpret pc=0x0000020dc43470d4 method=java.util.concurrent.ConcurrentHashMap.transfer([Ljava/util/concurrent/ConcurrentHashMap$Node;[Ljava/util/concurrent/ConcurrentHashMap$Node;)V @ 352 c2
Event: 40.197 Thread 0x0000020dd9e55800 DEOPT PACKING pc=0x0000020dc43470d4 sp=0x0000007b56efc1e0
Event: 40.197 Thread 0x0000020dd9e55800 DEOPT UNPACKING pc=0x0000020dbc6678af sp=0x0000007b56efc188 mode 2
Event: 40.336 Thread 0x0000020dd7c21800 Uncommon trap: trap_request=0xffffff6e fr.pc=0x0000020dc43c0d80 relative=0x00000000000001c0
Event: 40.336 Thread 0x0000020dd7c21800 Uncommon trap: reason=speculate_class_check action=maybe_recompile pc=0x0000020dc43c0d80 method=java.util.AbstractList.listIterator()Ljava/util/ListIterator; @ 2 c2
Event: 40.336 Thread 0x0000020dd7c21800 DEOPT PACKING pc=0x0000020dc43c0d80 sp=0x0000007b53bfe990
Event: 40.336 Thread 0x0000020dd7c21800 DEOPT UNPACKING pc=0x0000020dbc6678af sp=0x0000007b53bfe8e8 mode 2
Event: 40.363 Thread 0x0000020dd9e55800 Uncommon trap: trap_request=0xffffff4d fr.pc=0x0000020dc43064b0 relative=0x00000000000001f0
Event: 40.363 Thread 0x0000020dd5ccd800 Uncommon trap: trap_request=0xffffff4d fr.pc=0x0000020dc43064b0 relative=0x00000000000001f0
Event: 40.363 Thread 0x0000020dd9e55800 Uncommon trap: reason=unstable_if action=reinterpret pc=0x0000020dc43064b0 method=sun.net.www.ParseUtil.encodePath(Ljava/lang/String;Z)Ljava/lang/String; @ 1 c2
Event: 40.363 Thread 0x0000020dd5ccd800 Uncommon trap: reason=unstable_if action=reinterpret pc=0x0000020dc43064b0 method=sun.net.www.ParseUtil.encodePath(Ljava/lang/String;Z)Ljava/lang/String; @ 1 c2
Event: 40.363 Thread 0x0000020dd9e51800 Uncommon trap: trap_request=0xffffff4d fr.pc=0x0000020dc43064b0 relative=0x00000000000001f0
Event: 40.364 Thread 0x0000020dd5ccd800 DEOPT PACKING pc=0x0000020dc43064b0 sp=0x0000007b53ff3ca0
Event: 40.364 Thread 0x0000020dd9e51800 Uncommon trap: reason=unstable_if action=reinterpret pc=0x0000020dc43064b0 method=sun.net.www.ParseUtil.encodePath(Ljava/lang/String;Z)Ljava/lang/String; @ 1 c2
Event: 40.363 Thread 0x0000020dd9e55800 DEOPT PACKING pc=0x0000020dc43064b0 sp=0x0000007b56efbeb0
Event: 40.364 Thread 0x0000020dd9e51800 DEOPT PACKING pc=0x0000020dc43064b0 sp=0x0000007b56ffb7f0
Event: 40.364 Thread 0x0000020dd5ccd800 DEOPT UNPACKING pc=0x0000020dbc6678af sp=0x0000007b53ff3c48 mode 2
Event: 40.364 Thread 0x0000020dd9e55800 DEOPT UNPACKING pc=0x0000020dbc6678af sp=0x0000007b56efbe58 mode 2
Event: 40.364 Thread 0x0000020dd9e51800 DEOPT UNPACKING pc=0x0000020dbc6678af sp=0x0000007b56ffb798 mode 2

Classes redefined (0 events):
No events

Internal exceptions (20 events):
Event: 38.841 Thread 0x0000020dd5ccd800 Exception <a 'java/lang/ClassNotFoundException'{0x000000008a240da8}: java/util/HashMapBeanInfo> (0x000000008a240da8) thrown at [./src/hotspot/share/classfile/systemDictionary.cpp, line 231]
Event: 38.841 Thread 0x0000020dd5ccd800 Exception <a 'java/lang/ClassNotFoundException'{0x000000008a24a860}: java/util/AbstractMapBeanInfo> (0x000000008a24a860) thrown at [./src/hotspot/share/classfile/systemDictionary.cpp, line 231]
Event: 38.841 Thread 0x0000020dd5ccd800 Exception <a 'java/lang/ClassNotFoundException'{0x000000008a2543d0}: java/util/AbstractMapCustomizer> (0x000000008a2543d0) thrown at [./src/hotspot/share/classfile/systemDictionary.cpp, line 231]
Event: 38.842 Thread 0x0000020dd5ccd800 Exception <a 'java/lang/ClassNotFoundException'{0x000000008a267a80}: java/util/HashMapCustomizer> (0x000000008a267a80) thrown at [./src/hotspot/share/classfile/systemDictionary.cpp, line 231]
Event: 38.843 Thread 0x0000020dd5ccd800 Exception <a 'java/lang/ClassNotFoundException'{0x000000008a289548}: java/util/LinkedHashMapCustomizer> (0x000000008a289548) thrown at [./src/hotspot/share/classfile/systemDictionary.cpp, line 231]
Event: 39.103 Thread 0x0000020dd5ccd800 Exception <a 'sun/nio/fs/WindowsException'{0x000000008b4fdb48}> (0x000000008b4fdb48) thrown at [./src/hotspot/share/prims/jni.cpp, line 615]
Event: 39.104 Thread 0x0000020dd5ccd800 Exception <a 'sun/nio/fs/WindowsException'{0x000000008b4fe110}> (0x000000008b4fe110) thrown at [./src/hotspot/share/prims/jni.cpp, line 615]
Event: 39.207 Thread 0x0000020dd5ccd800 Exception <a 'java/lang/NullPointerException'{0x000000008abf8158}> (0x000000008abf8158) thrown at [./src/hotspot/share/interpreter/linkResolver.cpp, line 1440]
Event: 39.409 Thread 0x0000020dd5ccd800 Exception <a 'java/lang/NoSuchMethodError'{0x0000000089cffb20}: 'int java.lang.invoke.DirectMethodHandle$Holder.invokeStatic(java.lang.Object, java.lang.Object, int, java.lang.Object)'> (0x0000000089cffb20) thrown at [./src/hotspot/share/interpreter/linkResolver.cpp, line 773]
Event: 39.469 Thread 0x0000020dd5ccd800 Exception <a 'sun/nio/fs/WindowsException'{0x0000000089a31dc8}> (0x0000000089a31dc8) thrown at [./src/hotspot/share/prims/jni.cpp, line 615]
Event: 39.469 Thread 0x0000020dd5ccd800 Exception <a 'sun/nio/fs/WindowsException'{0x0000000089a33140}> (0x0000000089a33140) thrown at [./src/hotspot/share/prims/jni.cpp, line 615]
Event: 39.469 Thread 0x0000020dd5ccd800 Exception <a 'sun/nio/fs/WindowsException'{0x0000000089a34508}> (0x0000000089a34508) thrown at [./src/hotspot/share/prims/jni.cpp, line 615]
Event: 39.469 Thread 0x0000020dd5ccd800 Exception <a 'sun/nio/fs/WindowsException'{0x0000000089a358d0}> (0x0000000089a358d0) thrown at [./src/hotspot/share/prims/jni.cpp, line 615]
Event: 39.724 Thread 0x0000020dd5ccd800 Exception <a 'java/lang/reflect/InvocationTargetException'{0x000000008b138828}> (0x000000008b138828) thrown at [./src/hotspot/share/runtime/reflection.cpp, line 1247]
Event: 39.967 Thread 0x0000020dd5ccd800 Implicit null exception at 0x0000020dc45c1294 to 0x0000020dc45c18d0
Event: 39.967 Thread 0x0000020dd9e55800 Implicit null exception at 0x0000020dc45c1294 to 0x0000020dc45c18d0
Event: 39.967 Thread 0x0000020dd9e51800 Implicit null exception at 0x0000020dc45c1294 to 0x0000020dc45c18d0
Event: 39.986 Thread 0x0000020dd5ccd800 Implicit null exception at 0x0000020dc450cbeb to 0x0000020dc450cc0c
Event: 39.986 Thread 0x0000020dd9e51800 Implicit null exception at 0x0000020dc450cbeb to 0x0000020dc450cc0c
Event: 40.050 Thread 0x0000020dd9e55800 Exception <a 'sun/nio/fs/WindowsException'{0x0000000089878bc0}> (0x0000000089878bc0) thrown at [./src/hotspot/share/prims/jni.cpp, line 615]

Events (20 events):
Event: 40.398 loading class sun/security/ssl/NamedGroup$ECDHFunctions$FunctionsHolder
Event: 40.398 loading class sun/security/ssl/NamedGroup$ECDHFunctions$FunctionsHolder done
Event: 40.399 loading class sun/security/ssl/NamedGroup$XDHFunctions
Event: 40.399 loading class sun/security/ssl/NamedGroup$XDHFunctions done
Event: 40.399 loading class sun/security/ssl/NamedGroup$XDHFunctions$FunctionsHolder
Event: 40.399 loading class sun/security/ssl/NamedGroup$XDHFunctions$FunctionsHolder done
Event: 40.399 loading class sun/security/ssl/NamedGroup$FFDHFunctions
Event: 40.399 loading class sun/security/ssl/NamedGroup$FFDHFunctions done
Event: 40.399 loading class sun/security/ssl/NamedGroup$FFDHFunctions$FunctionsHolder
Event: 40.399 loading class sun/security/ssl/NamedGroup$FFDHFunctions$FunctionsHolder done
Event: 40.399 loading class com/sun/crypto/provider/DHParameters
Event: 40.399 loading class com/sun/crypto/provider/DHParameters done
Event: 40.400 loading class sun/security/ssl/NamedGroup$1
Event: 40.400 loading class sun/security/ssl/NamedGroup$1 done
Event: 40.400 loading class sun/security/ssl/PredefinedDHParameterSpecs
Event: 40.400 loading class sun/security/ssl/PredefinedDHParameterSpecs done
Event: 40.401 loading class sun/security/ssl/PredefinedDHParameterSpecs$1
Event: 40.401 loading class sun/security/ssl/PredefinedDHParameterSpecs$1 done
Event: 40.401 loading class javax/crypto/spec/DHParameterSpec
Event: 40.401 loading class javax/crypto/spec/DHParameterSpec done


Dynamic libraries:
0x00007ff61b230000 - 0x00007ff61b23a000 	C:\Program Files\Android\Android Studio\jre\bin\java.exe
0x00007ffb2b330000 - 0x00007ffb2b525000 	C:\WINDOWS\SYSTEM32\ntdll.dll
0x00007ffaf3e60000 - 0x00007ffaf3e76000 	C:\Program Files\AVAST Software\Avast\aswhook.dll
0x00007ffb2aef0000 - 0x00007ffb2afad000 	C:\WINDOWS\System32\KERNEL32.DLL
0x00007ffb28e20000 - 0x00007ffb290ed000 	C:\WINDOWS\System32\KERNELBASE.dll
0x00007ffb29120000 - 0x00007ffb29220000 	C:\WINDOWS\System32\ucrtbase.dll
0x00007ffb23f40000 - 0x00007ffb23f57000 	C:\Program Files\Android\Android Studio\jre\bin\VCRUNTIME140.dll
0x00007ffb1dbb0000 - 0x00007ffb1dbc9000 	C:\Program Files\Android\Android Studio\jre\bin\jli.dll
0x00007ffb29bf0000 - 0x00007ffb29d90000 	C:\WINDOWS\System32\USER32.dll
0x00007ffb28ab0000 - 0x00007ffb28ad2000 	C:\WINDOWS\System32\win32u.dll
0x00007ffb298d0000 - 0x00007ffb298fa000 	C:\WINDOWS\System32\GDI32.dll
0x00007ffb151e0000 - 0x00007ffb1547a000 	C:\WINDOWS\WinSxS\amd64_microsoft.windows.common-controls_6595b64144ccf1df_6.0.19041.1110_none_60b5254171f9507e\COMCTL32.dll
0x00007ffb29270000 - 0x00007ffb2937b000 	C:\WINDOWS\System32\gdi32full.dll
0x00007ffb2afb0000 - 0x00007ffb2b04e000 	C:\WINDOWS\System32\msvcrt.dll
0x00007ffb28b70000 - 0x00007ffb28c0d000 	C:\WINDOWS\System32\msvcp_win.dll
0x00007ffb29900000 - 0x00007ffb29930000 	C:\WINDOWS\System32\IMM32.DLL
0x00007ffb17bd0000 - 0x00007ffb17c6d000 	C:\Program Files\Android\Android Studio\jre\bin\msvcp140.dll
0x00007ffacce70000 - 0x00007ffacd93f000 	C:\Program Files\Android\Android Studio\jre\bin\server\jvm.dll
0x00007ffb29e10000 - 0x00007ffb29ebe000 	C:\WINDOWS\System32\ADVAPI32.dll
0x00007ffb29830000 - 0x00007ffb298cc000 	C:\WINDOWS\System32\sechost.dll
0x00007ffb29380000 - 0x00007ffb294a5000 	C:\WINDOWS\System32\RPCRT4.dll
0x00007ffb29df0000 - 0x00007ffb29df8000 	C:\WINDOWS\System32\PSAPI.DLL
0x00007ffb20500000 - 0x00007ffb20527000 	C:\WINDOWS\SYSTEM32\WINMM.dll
0x00007ffb22780000 - 0x00007ffb2278a000 	C:\WINDOWS\SYSTEM32\VERSION.dll
0x00007ffb13fb0000 - 0x00007ffb13fb9000 	C:\WINDOWS\SYSTEM32\WSOCK32.dll
0x00007ffb29ec0000 - 0x00007ffb29f2b000 	C:\WINDOWS\System32\ws2_32.DLL
0x00007ffb26920000 - 0x00007ffb26932000 	C:\WINDOWS\SYSTEM32\kernel.appcore.dll
0x00007ffafc280000 - 0x00007ffafc291000 	C:\Program Files\Android\Android Studio\jre\bin\verify.dll
0x00007ffb1f4d0000 - 0x00007ffb1f6b4000 	C:\WINDOWS\SYSTEM32\DBGHELP.DLL
0x00007ffb1f4a0000 - 0x00007ffb1f4cc000 	C:\WINDOWS\SYSTEM32\dbgcore.DLL
0x00007ffb28ae0000 - 0x00007ffb28b62000 	C:\WINDOWS\System32\bcryptPrimitives.dll
0x00007ffafc250000 - 0x00007ffafc279000 	C:\Program Files\Android\Android Studio\jre\bin\java.dll
0x00007ffb1e430000 - 0x00007ffb1e43b000 	C:\Program Files\Android\Android Studio\jre\bin\jimage.dll
0x00007ffafc230000 - 0x00007ffafc248000 	C:\Program Files\Android\Android Studio\jre\bin\zip.dll
0x00007ffb2a590000 - 0x00007ffb2acd4000 	C:\WINDOWS\System32\SHELL32.dll
0x00007ffb26b20000 - 0x00007ffb272b4000 	C:\WINDOWS\SYSTEM32\windows.storage.dll
0x00007ffb294d0000 - 0x00007ffb29824000 	C:\WINDOWS\System32\combase.dll
0x00007ffb283c0000 - 0x00007ffb283ec000 	C:\WINDOWS\SYSTEM32\Wldp.dll
0x00007ffb2b0b0000 - 0x00007ffb2b15d000 	C:\WINDOWS\System32\SHCORE.dll
0x00007ffb2b160000 - 0x00007ffb2b1b5000 	C:\WINDOWS\System32\shlwapi.dll
0x00007ffb28980000 - 0x00007ffb2899f000 	C:\WINDOWS\SYSTEM32\profapi.dll
0x00007ffaf5d70000 - 0x00007ffaf5d8a000 	C:\Program Files\Android\Android Studio\jre\bin\net.dll
0x00007ffb21140000 - 0x00007ffb2124a000 	C:\WINDOWS\SYSTEM32\WINHTTP.dll
0x00007ffb28150000 - 0x00007ffb281ba000 	C:\WINDOWS\system32\mswsock.dll
0x00007ffaf5d50000 - 0x00007ffaf5d64000 	C:\Program Files\Android\Android Studio\jre\bin\nio.dll
0x00007ffb1dc10000 - 0x00007ffb1dc37000 	C:\Users\Matze\.gradle\native\8bec1ad78214c89d9ad589b4d07fe93259594b29d510b10fafb7a158f7737e5d\windows-amd64\native-platform.dll
0x00007ffafeab0000 - 0x00007ffafebed000 	C:\Users\Matze\.gradle\native\53dbd7edfb1c66fb8903c78663c9afc45aea4f116125fa6feffd364cf09443e8\windows-amd64\native-platform-file-events.dll
0x00007ffb1e3c0000 - 0x00007ffb1e3ca000 	C:\Program Files\Android\Android Studio\jre\bin\management.dll
0x00007ffb1dda0000 - 0x00007ffb1ddac000 	C:\Program Files\Android\Android Studio\jre\bin\management_ext.dll
0x00007ffb28720000 - 0x00007ffb28738000 	C:\WINDOWS\SYSTEM32\CRYPTSP.dll
0x00007ffb27a70000 - 0x00007ffb27aa4000 	C:\WINDOWS\system32\rsaenh.dll
0x00007ffb290f0000 - 0x00007ffb29117000 	C:\WINDOWS\System32\bcrypt.dll
0x00007ffb28900000 - 0x00007ffb2892e000 	C:\WINDOWS\SYSTEM32\USERENV.dll
0x00007ffb28330000 - 0x00007ffb2833c000 	C:\WINDOWS\SYSTEM32\CRYPTBASE.dll
0x00007ffb27e40000 - 0x00007ffb27e7b000 	C:\WINDOWS\SYSTEM32\IPHLPAPI.DLL
0x00007ffb2b1c0000 - 0x00007ffb2b1c8000 	C:\WINDOWS\System32\NSI.dll
0x00007ffb226b0000 - 0x00007ffb226c7000 	C:\WINDOWS\SYSTEM32\dhcpcsvc6.DLL
0x00007ffb228d0000 - 0x00007ffb228ed000 	C:\WINDOWS\SYSTEM32\dhcpcsvc.DLL
0x00007ffb27e80000 - 0x00007ffb27f4b000 	C:\WINDOWS\SYSTEM32\DNSAPI.dll
0x00007ffaf9730000 - 0x00007ffaf9757000 	C:\Program Files\Android\Android Studio\jre\bin\sunec.dll
0x00007ffb207d0000 - 0x00007ffb207da000 	C:\Windows\System32\rasadhlp.dll
0x00007ffb207e0000 - 0x00007ffb20860000 	C:\WINDOWS\System32\fwpuclnt.dll

dbghelp: loaded successfully - version: 4.0.5 - missing functions: none
symbol engine: initialized successfully - sym options: 0x614 - pdb path: .;C:\Program Files\Android\Android Studio\jre\bin;C:\WINDOWS\SYSTEM32;C:\Program Files\AVAST Software\Avast;C:\WINDOWS\WinSxS\amd64_microsoft.windows.common-controls_6595b64144ccf1df_6.0.19041.1110_none_60b5254171f9507e;C:\Program Files\Android\Android Studio\jre\bin\server;C:\Users\Matze\.gradle\native\8bec1ad78214c89d9ad589b4d07fe93259594b29d510b10fafb7a158f7737e5d\windows-amd64;C:\Users\Matze\.gradle\native\53dbd7edfb1c66fb8903c78663c9afc45aea4f116125fa6feffd364cf09443e8\windows-amd64

VM Arguments:
jvm_args: --add-opens=java.base/java.util=ALL-UNNAMED --add-opens=java.base/java.lang=ALL-UNNAMED --add-opens=java.base/java.lang.invoke=ALL-UNNAMED --add-opens=java.base/java.util=ALL-UNNAMED --add-opens=java.prefs/java.util.prefs=ALL-UNNAMED --add-opens=java.prefs/java.util.prefs=ALL-UNNAMED --add-opens=java.base/java.nio.charset=ALL-UNNAMED --add-opens=java.base/java.net=ALL-UNNAMED --add-opens=java.base/java.util.concurrent.atomic=ALL-UNNAMED -Xmx2048m -Dfile.encoding=UTF-8 -Duser.country=DE -Duser.language=de -Duser.variant 
java_command: org.gradle.launcher.daemon.bootstrap.GradleDaemon 7.0.2
java_class_path (initial): C:\Users\Matze\.gradle\wrapper\dists\gradle-7.0.2-bin\857tjihv64xamwrf0h14cai3r\gradle-7.0.2\lib\gradle-launcher-7.0.2.jar
Launcher Type: SUN_STANDARD

[Global flags]
     intx CICompilerCount                          = 4                                         {product} {ergonomic}
     uint ConcGCThreads                            = 3                                         {product} {ergonomic}
     uint G1ConcRefinementThreads                  = 10                                        {product} {ergonomic}
   size_t G1HeapRegionSize                         = 1048576                                   {product} {ergonomic}
    uintx GCDrainStackTargetSize                   = 64                                        {product} {ergonomic}
   size_t InitialHeapSize                          = 134217728                                 {product} {ergonomic}
   size_t MarkStackSize                            = 4194304                                   {product} {ergonomic}
   size_t MaxHeapSize                              = 2147483648                                {product} {command line}
   size_t MaxNewSize                               = 1287651328                                {product} {ergonomic}
   size_t MinHeapDeltaBytes                        = 1048576                                   {product} {ergonomic}
    uintx NonNMethodCodeHeapSize                   = 5836300                                {pd product} {ergonomic}
    uintx NonProfiledCodeHeapSize                  = 122910970                              {pd product} {ergonomic}
    uintx ProfiledCodeHeapSize                     = 122910970                              {pd product} {ergonomic}
    uintx ReservedCodeCacheSize                    = 251658240                              {pd product} {ergonomic}
     bool SegmentedCodeCache                       = true                                      {product} {ergonomic}
     bool UseCompressedClassPointers               = true                                 {lp64_product} {ergonomic}
     bool UseCompressedOops                        = true                                 {lp64_product} {ergonomic}
     bool UseG1GC                                  = true                                      {product} {ergonomic}
     bool UseLargePagesIndividualAllocation        = false                                  {pd product} {ergonomic}

Logging:
Log output configuration:
 #0: stdout all=warning uptime,level,tags
 #1: stderr all=off uptime,level,tags

Environment Variables:
JAVA_HOME=C:\Program Files\Java\jdk-18
PATH=C:\Program Files\Common Files\Oracle\Java\javapath;C:\Program Files (x86)\Common Files\Oracle\Java\javapath;C:\Program Files\Java\jdk-18\bin;C:\Program Files\apache-maven-3.8.5\bin;C:\WINDOWS\system32;C:\WINDOWS;C:\WINDOWS\System32\Wbem;C:\WINDOWS\System32\WindowsPowerShell\v1.0\;C:\WINDOWS\System32\OpenSSH\;C:\Program Files\PuTTY\;C:\Program Files\Git\cmd;C:\Program Files\Docker\Docker\resources\bin;C:\ProgramData\DockerDesktop\version-bin;C:\Program Files\nodejs\;C:\Program Files\dotnet\;C:\Program Files\Go\bin;C:\msys64\mingw64\bin;C:\Users\Matze\AppData\Local\Programs\Python\Python39\Scripts\;C:\Users\Matze\AppData\Local\Programs\Python\Python39\;C:\Users\Matze\AppData\Local\Microsoft\WindowsApps;C:\Users\Matze\AppData\Local\Programs\MiKTeX 2.9\miktex\bin\x64\;C:\Users\Matze\AppData\Local\atom\bin;C:\Users\Matze\AppData\Local\Programs\Microsoft VS Code\bin;C:\Users\Matze\AppData\Roaming\npm;C:\Users\Matze\.dotnet\tools;C:\Users\Matze\AppData\Local\Programs\MiKTeX\miktex\bin\x64\;C:\Users\Matze\go\bin;C:\ProgrammData\Protobuf;
USERNAME=Matze
OS=Windows_NT
PROCESSOR_IDENTIFIER=AMD64 Family 23 Model 1 Stepping 1, AuthenticAMD



---------------  S Y S T E M  ---------------

OS: Windows 10 , 64 bit Build 19041 (10.0.19041.1706)
OS uptime: 22 days 18:55 hours
Hyper-V role detected

CPU:total 12 (initial active 12) (12 cores per cpu, 2 threads per core) family 23 model 1 stepping 1 microcode 0x0, cmov, cx8, fxsr, mmx, sse, sse2, sse3, ssse3, sse4.1, sse4.2, popcnt, avx, avx2, aes, clmul, mmxext, 3dnowpref, lzcnt, sse4a, ht, tsc, tscinvbit, tscinv, bmi1, bmi2, adx, s

Memory: 4k page, system-wide physical 8123M (564M free)
TotalPageFile size 16782M (AvailPageFile size 4651M)
current process WorkingSet (physical memory assigned to process): 464M, peak: 470M
current process commit charge ("private bytes"): 507M, peak: 514M

vm_info: OpenJDK 64-Bit Server VM (11.0.10+0-b96-7249189) for windows-amd64 JRE (11.0.10+0-b96-7249189), built on Mar 31 2021 21:44:00 by "builder" with MS VC++ 14.0 (VS2015)

END.
